[debug] [2021-11-04T11:52:31.974Z] ----------------------------------------------------------------------
[debug] [2021-11-04T11:52:31.976Z] Command:       /home/khothach/.nvm/versions/node/v16.9.1/bin/node /home/khothach/.nvm/versions/node/v16.9.1/bin/firebase emulators:start
[debug] [2021-11-04T11:52:31.976Z] CLI Version:   9.21.0
[debug] [2021-11-04T11:52:31.976Z] Platform:      linux
[debug] [2021-11-04T11:52:31.976Z] Node Version:  v16.9.1
[debug] [2021-11-04T11:52:31.977Z] Time:          Fri Nov 05 2021 00:52:31 GMT+1300 (New Zealand Daylight Time)
[debug] [2021-11-04T11:52:31.977Z] ----------------------------------------------------------------------
[debug] 
[debug] [2021-11-04T11:52:32.044Z] > command requires scopes: ["email","openid","https://www.googleapis.com/auth/cloudplatformprojects.readonly","https://www.googleapis.com/auth/firebase","https://www.googleapis.com/auth/cloud-platform"]
[debug] [2021-11-04T11:52:32.044Z] > authorizing via signed-in user (khothach21@gmail.com)
[info] i  emulators: Starting emulators: functions, hosting {"metadata":{"emulator":{"name":"hub"},"message":"Starting emulators: functions, hosting"}}
[debug] [2021-11-04T11:52:32.056Z] [hub] writing locator at /tmp/hub-challenge-b6352.json
[warn] ⚠  functions: The following emulators are not running, calls to these services from the Functions emulator will affect production: auth, firestore, database, pubsub, storage {"metadata":{"emulator":{"name":"functions"},"message":"The following emulators are not running, calls to these services from the Functions emulator will affect production: \u001b[1mauth, firestore, database, pubsub, storage\u001b[22m"}}
[warn] ⚠  Your requested "node" version "14" doesn't match your global version "16" {"metadata":{"emulator":{"name":"functions"},"message":"Your requested \"node\" version \"14\" doesn't match your global version \"16\""}}
[debug] [2021-11-04T11:52:32.096Z] defaultcredentials: writing to file /home/khothach/.config/firebase/khothach21_gmail_com_application_default_credentials.json
[debug] [2021-11-04T11:52:32.122Z] Setting GAC to /home/khothach/.config/firebase/khothach21_gmail_com_application_default_credentials.json {"metadata":{"emulator":{"name":"functions"},"message":"Setting GAC to /home/khothach/.config/firebase/khothach21_gmail_com_application_default_credentials.json"}}
[debug] [2021-11-04T11:52:32.124Z] >>> [apiv2][query] GET https://firebase.googleapis.com/v1beta1/projects/challenge-b6352/adminSdkConfig [none]
[debug] [2021-11-04T11:52:32.696Z] <<< [apiv2][status] GET https://firebase.googleapis.com/v1beta1/projects/challenge-b6352/adminSdkConfig 200
[debug] [2021-11-04T11:52:32.696Z] <<< [apiv2][body] GET https://firebase.googleapis.com/v1beta1/projects/challenge-b6352/adminSdkConfig {"projectId":"challenge-b6352","storageBucket":"challenge-b6352.appspot.com","locationId":"australia-southeast1"}
[debug] [2021-11-04T11:52:32.705Z] >>> [apiv2][query] GET https://firebasehosting.googleapis.com/v1beta1/projects/challenge-b6352/sites 
[debug] [2021-11-04T11:52:34.203Z] <<< [apiv2][status] GET https://firebasehosting.googleapis.com/v1beta1/projects/challenge-b6352/sites 200
[debug] [2021-11-04T11:52:34.203Z] <<< [apiv2][body] GET https://firebasehosting.googleapis.com/v1beta1/projects/challenge-b6352/sites {"sites":[{"name":"projects/876851079527/sites/challenge-b6352","defaultUrl":"https://challenge-b6352.web.app","appId":"1:876851079527:web:82d7bf8fd463a11de267c2","type":"DEFAULT_SITE"}]}
[debug] [2021-11-04T11:52:34.203Z] >>> [apiv2][query] GET https://firebase.googleapis.com/v1beta1/projects/challenge-b6352/webApps/1:876851079527:web:82d7bf8fd463a11de267c2/config [none]
[debug] [2021-11-04T11:52:35.781Z] <<< [apiv2][status] GET https://firebase.googleapis.com/v1beta1/projects/challenge-b6352/webApps/1:876851079527:web:82d7bf8fd463a11de267c2/config 200
[debug] [2021-11-04T11:52:35.781Z] <<< [apiv2][body] GET https://firebase.googleapis.com/v1beta1/projects/challenge-b6352/webApps/1:876851079527:web:82d7bf8fd463a11de267c2/config {"projectId":"challenge-b6352","appId":"1:876851079527:web:82d7bf8fd463a11de267c2","storageBucket":"challenge-b6352.appspot.com","locationId":"australia-southeast1","apiKey":"AIzaSyA7Upet9av5cnmJCwtfG7xC9OhaUJUYbVo","authDomain":"challenge-b6352.firebaseapp.com","messagingSenderId":"876851079527","measurementId":"G-8DPZT28YT6"}
[info] i  hosting: Serving hosting files from: build {"metadata":{"emulator":{"name":"hosting"},"message":"Serving hosting files from: \u001b[1mbuild\u001b[22m"}}
[info] ✔  hosting: Local server: http://127.0.0.1:5000 {"metadata":{"emulator":{"name":"hosting"},"message":"Local server: \u001b[4m\u001b[1mhttp://127.0.0.1:5000\u001b[22m\u001b[24m"}}
[warn] ⚠  ui: Emulator UI unable to start on port 4000, starting on 4001 instead. {"metadata":{"emulator":{"name":"ui"},"message":"Emulator UI unable to start on port 4000, starting on 4001 instead."}}
[debug] [2021-11-04T11:52:35.819Z] Ignoring unsupported arg: auto_download {"metadata":{"emulator":{"name":"ui"},"message":"Ignoring unsupported arg: auto_download"}}
[debug] [2021-11-04T11:52:35.819Z] Ignoring unsupported arg: port {"metadata":{"emulator":{"name":"ui"},"message":"Ignoring unsupported arg: port"}}
[debug] [2021-11-04T11:52:35.819Z] Starting Emulator UI with command {"binary":"node","args":["/home/khothach/.cache/firebase/emulators/ui-v1.6.4/server.bundle.js"],"optionalArgs":[],"joinArgs":false} {"metadata":{"emulator":{"name":"ui"},"message":"Starting Emulator UI with command {\"binary\":\"node\",\"args\":[\"/home/khothach/.cache/firebase/emulators/ui-v1.6.4/server.bundle.js\"],\"optionalArgs\":[],\"joinArgs\":false}"}}
[info] i  ui: Emulator UI logging to ui-debug.log {"metadata":{"emulator":{"name":"ui"},"message":"Emulator UI logging to \u001b[1mui-debug.log\u001b[22m"}}
[debug] [2021-11-04T11:52:35.914Z] Web / API server started at 127.0.0.1:4001
 {"metadata":{"emulator":{"name":"ui"},"message":"Web / API server started at 127.0.0.1:4001\n"}}
[info] i  functions: Watching "/home/khothach/my-amazon/my-amazon/functions" for Cloud Functions... {"metadata":{"emulator":{"name":"functions"},"message":"Watching \"/home/khothach/my-amazon/my-amazon/functions\" for Cloud Functions..."}}
[debug] [2021-11-04T11:52:36.135Z] [worker-pool] addWorker(~diagnostic~) {"metadata":{"emulator":{"name":"functions"},"message":"[worker-pool] addWorker(~diagnostic~)"}}
[debug] [2021-11-04T11:52:36.136Z] [worker-pool] Adding worker with key ~diagnostic~, total=1 {"metadata":{"emulator":{"name":"functions"},"message":"[worker-pool] Adding worker with key ~diagnostic~, total=1"}}
[debug] [2021-11-04T11:52:36.136Z] [worker-pool] submitWork(triggerId=) {"metadata":{"emulator":{"name":"functions"},"message":"[worker-pool] submitWork(triggerId=)"}}
[debug] [2021-11-04T11:52:36.136Z] [worker-~diagnostic~-0e0ee313-5233-4f9c-8a6c-6def24b21643]: Assigning socketPath: /tmp/fire_emu_2175.sock {"metadata":{"emulator":{"name":"functions"},"message":"[worker-~diagnostic~-0e0ee313-5233-4f9c-8a6c-6def24b21643]: Assigning socketPath: /tmp/fire_emu_2175.sock"}}
[debug] [2021-11-04T11:52:36.136Z] [worker-~diagnostic~-0e0ee313-5233-4f9c-8a6c-6def24b21643]: BUSY {"metadata":{"emulator":{"name":"functions"},"message":"[worker-~diagnostic~-0e0ee313-5233-4f9c-8a6c-6def24b21643]: BUSY"}}
[debug] [2021-11-04T11:52:36.268Z] [runtime-status] [2175] Functions runtime initialized. {"cwd":"/home/khothach/my-amazon/my-amazon/functions","node_version":"16.9.1"} {"metadata":{"emulator":{"name":"functions"},"message":"[runtime-status] [2175] Functions runtime initialized. {\"cwd\":\"/home/khothach/my-amazon/my-amazon/functions\",\"node_version\":\"16.9.1\"}"}}
[debug] [2021-11-04T11:52:36.269Z] [runtime-status] [2175] Disabled runtime features: undefined {"metadata":{"emulator":{"name":"functions"},"message":"[runtime-status] [2175] Disabled runtime features: undefined"}}
[debug] [2021-11-04T11:52:36.271Z] [runtime-status] [2175] Resolved module firebase-admin {"declared":true,"installed":true,"version":"9.12.0","resolution":"/home/khothach/my-amazon/my-amazon/functions/node_modules/firebase-admin/lib/index.js"} {"metadata":{"emulator":{"name":"functions"},"message":"[runtime-status] [2175] Resolved module firebase-admin {\"declared\":true,\"installed\":true,\"version\":\"9.12.0\",\"resolution\":\"/home/khothach/my-amazon/my-amazon/functions/node_modules/firebase-admin/lib/index.js\"}"}}
[debug] [2021-11-04T11:52:36.273Z] [runtime-status] [2175] Resolved module firebase-functions {"declared":true,"installed":true,"version":"3.16.0","resolution":"/home/khothach/my-amazon/my-amazon/functions/node_modules/firebase-functions/lib/index.js"} {"metadata":{"emulator":{"name":"functions"},"message":"[runtime-status] [2175] Resolved module firebase-functions {\"declared\":true,\"installed\":true,\"version\":\"3.16.0\",\"resolution\":\"/home/khothach/my-amazon/my-amazon/functions/node_modules/firebase-functions/lib/index.js\"}"}}
[debug] [2021-11-04T11:52:36.274Z] [runtime-status] [2175] Outgoing network have been stubbed. [{"name":"http","status":"mocked"},{"name":"http","status":"mocked"},{"name":"https","status":"mocked"},{"name":"https","status":"mocked"},{"name":"net","status":"mocked"}] {"metadata":{"emulator":{"name":"functions"},"message":"[runtime-status] [2175] Outgoing network have been stubbed. [{\"name\":\"http\",\"status\":\"mocked\"},{\"name\":\"http\",\"status\":\"mocked\"},{\"name\":\"https\",\"status\":\"mocked\"},{\"name\":\"https\",\"status\":\"mocked\"},{\"name\":\"net\",\"status\":\"mocked\"}]"}}
[debug] [2021-11-04T11:52:36.275Z] [runtime-status] [2175] Resolved module firebase-functions {"declared":true,"installed":true,"version":"3.16.0","resolution":"/home/khothach/my-amazon/my-amazon/functions/node_modules/firebase-functions/lib/index.js"} {"metadata":{"emulator":{"name":"functions"},"message":"[runtime-status] [2175] Resolved module firebase-functions {\"declared\":true,\"installed\":true,\"version\":\"3.16.0\",\"resolution\":\"/home/khothach/my-amazon/my-amazon/functions/node_modules/firebase-functions/lib/index.js\"}"}}
[debug] [2021-11-04T11:52:36.317Z] [runtime-status] [2175] Checked functions.config() {"config":{}} {"metadata":{"emulator":{"name":"functions"},"message":"[runtime-status] [2175] Checked functions.config() {\"config\":{}}"}}
[debug] [2021-11-04T11:52:36.317Z] [runtime-status] [2175] firebase-functions has been stubbed. {"functionsResolution":{"declared":true,"installed":true,"version":"3.16.0","resolution":"/home/khothach/my-amazon/my-amazon/functions/node_modules/firebase-functions/lib/index.js"}} {"metadata":{"emulator":{"name":"functions"},"message":"[runtime-status] [2175] firebase-functions has been stubbed. {\"functionsResolution\":{\"declared\":true,\"installed\":true,\"version\":\"3.16.0\",\"resolution\":\"/home/khothach/my-amazon/my-amazon/functions/node_modules/firebase-functions/lib/index.js\"}}"}}
[debug] [2021-11-04T11:52:36.318Z] [runtime-status] [2175] Resolved module firebase-functions {"declared":true,"installed":true,"version":"3.16.0","resolution":"/home/khothach/my-amazon/my-amazon/functions/node_modules/firebase-functions/lib/index.js"} {"metadata":{"emulator":{"name":"functions"},"message":"[runtime-status] [2175] Resolved module firebase-functions {\"declared\":true,\"installed\":true,\"version\":\"3.16.0\",\"resolution\":\"/home/khothach/my-amazon/my-amazon/functions/node_modules/firebase-functions/lib/index.js\"}"}}
[debug] [2021-11-04T11:52:36.322Z] [runtime-status] [2175] Resolved module firebase-admin {"declared":true,"installed":true,"version":"9.12.0","resolution":"/home/khothach/my-amazon/my-amazon/functions/node_modules/firebase-admin/lib/index.js"} {"metadata":{"emulator":{"name":"functions"},"message":"[runtime-status] [2175] Resolved module firebase-admin {\"declared\":true,\"installed\":true,\"version\":\"9.12.0\",\"resolution\":\"/home/khothach/my-amazon/my-amazon/functions/node_modules/firebase-admin/lib/index.js\"}"}}
[debug] [2021-11-04T11:52:36.323Z] [runtime-status] [2175] Resolved module firebase-functions {"declared":true,"installed":true,"version":"3.16.0","resolution":"/home/khothach/my-amazon/my-amazon/functions/node_modules/firebase-functions/lib/index.js"} {"metadata":{"emulator":{"name":"functions"},"message":"[runtime-status] [2175] Resolved module firebase-functions {\"declared\":true,\"installed\":true,\"version\":\"3.16.0\",\"resolution\":\"/home/khothach/my-amazon/my-amazon/functions/node_modules/firebase-functions/lib/index.js\"}"}}
[debug] [2021-11-04T11:52:36.323Z] [runtime-status] [2175] firebase-admin has been stubbed. {"adminResolution":{"declared":true,"installed":true,"version":"9.12.0","resolution":"/home/khothach/my-amazon/my-amazon/functions/node_modules/firebase-admin/lib/index.js"}} {"metadata":{"emulator":{"name":"functions"},"message":"[runtime-status] [2175] firebase-admin has been stubbed. {\"adminResolution\":{\"declared\":true,\"installed\":true,\"version\":\"9.12.0\",\"resolution\":\"/home/khothach/my-amazon/my-amazon/functions/node_modules/firebase-admin/lib/index.js\"}}"}}
[info] ✔  functions[us-central1-api]: http function initialized (http://127.0.0.1:5001/challenge-b6352/us-central1/api). {"metadata":{"emulator":{"name":"functions"},"message":"\u001b[1mhttp\u001b[22m function initialized (http://127.0.0.1:5001/challenge-b6352/us-central1/api)."}}
[info] 
┌─────────────────────────────────────────────────────────────┐
│ ✔  All emulators ready! It is now safe to connect your app. │
│ i  View Emulator UI at http://127.0.0.1:4001                │
└─────────────────────────────────────────────────────────────┘

┌───────────┬────────────────┬─────────────────────────────────┐
│ Emulator  │ Host:Port      │ View in Emulator UI             │
├───────────┼────────────────┼─────────────────────────────────┤
│ Functions │ 127.0.0.1:5001 │ http://127.0.0.1:4001/functions │
├───────────┼────────────────┼─────────────────────────────────┤
│ Hosting   │ 127.0.0.1:5000 │ n/a                             │
└───────────┴────────────────┴─────────────────────────────────┘
  Emulator Hub running at 127.0.0.1:4400
  Other reserved ports: 4500

Issues? Report them at https://github.com/firebase/firebase-tools/issues and attach the *-debug.log files.
 
[debug] [2021-11-04T11:52:36.461Z] [worker-~diagnostic~-0e0ee313-5233-4f9c-8a6c-6def24b21643]: IDLE {"metadata":{"emulator":{"name":"functions"},"message":"[worker-~diagnostic~-0e0ee313-5233-4f9c-8a6c-6def24b21643]: IDLE"}}
[debug] [2021-11-04T11:53:00.630Z] [work-queue] {"queueLength":1,"workRunningCount":0}
[debug] [2021-11-04T11:53:00.630Z] [work-queue] {"queueLength":0,"workRunningCount":1}
[debug] [2021-11-04T11:53:00.631Z] Accepted request POST /challenge-b6352/us-central1/api/payment/create?total=290693 --> us-central1-api
[debug] [2021-11-04T11:53:00.650Z] [worker-pool] addWorker(us-central1-api) {"metadata":{"emulator":{"name":"functions"},"message":"[worker-pool] addWorker(us-central1-api)"}}
[debug] [2021-11-04T11:53:00.650Z] [worker-pool] Adding worker with key us-central1-api, total=1 {"metadata":{"emulator":{"name":"functions"},"message":"[worker-pool] Adding worker with key us-central1-api, total=1"}}
[debug] [2021-11-04T11:53:00.650Z] [worker-pool] submitWork(triggerId=us-central1-api) {"metadata":{"emulator":{"name":"functions"},"message":"[worker-pool] submitWork(triggerId=us-central1-api)"}}
[debug] [2021-11-04T11:53:00.650Z] [worker-us-central1-api-8757b8d1-76e9-4134-ae93-0da139989a85]: Assigning socketPath: /tmp/fire_emu_2227.sock {"metadata":{"emulator":{"name":"functions"},"message":"[worker-us-central1-api-8757b8d1-76e9-4134-ae93-0da139989a85]: Assigning socketPath: /tmp/fire_emu_2227.sock"}}
[debug] [2021-11-04T11:53:00.651Z] [worker-us-central1-api-8757b8d1-76e9-4134-ae93-0da139989a85]: BUSY {"metadata":{"emulator":{"name":"functions"},"message":"[worker-us-central1-api-8757b8d1-76e9-4134-ae93-0da139989a85]: BUSY"}}
[debug] [2021-11-04T11:53:00.652Z] [work-queue] {"queueLength":1,"workRunningCount":1}
[debug] [2021-11-04T11:53:00.652Z] [work-queue] {"queueLength":0,"workRunningCount":2}
[debug] [2021-11-04T11:53:00.652Z] Accepted request POST /challenge-b6352/us-central1/api/payment/create?total=290693 --> us-central1-api
[debug] [2021-11-04T11:53:00.671Z] [worker-pool] addWorker(us-central1-api) {"metadata":{"emulator":{"name":"functions"},"message":"[worker-pool] addWorker(us-central1-api)"}}
[debug] [2021-11-04T11:53:00.672Z] [worker-pool] Adding worker with key us-central1-api, total=2 {"metadata":{"emulator":{"name":"functions"},"message":"[worker-pool] Adding worker with key us-central1-api, total=2"}}
[debug] [2021-11-04T11:53:00.672Z] [worker-pool] submitWork(triggerId=us-central1-api) {"metadata":{"emulator":{"name":"functions"},"message":"[worker-pool] submitWork(triggerId=us-central1-api)"}}
[debug] [2021-11-04T11:53:00.672Z] [worker-us-central1-api-3a32b8b6-84c9-450e-a6bc-cca7bee6653f]: Assigning socketPath: /tmp/fire_emu_2233.sock {"metadata":{"emulator":{"name":"functions"},"message":"[worker-us-central1-api-3a32b8b6-84c9-450e-a6bc-cca7bee6653f]: Assigning socketPath: /tmp/fire_emu_2233.sock"}}
[debug] [2021-11-04T11:53:00.672Z] [worker-us-central1-api-3a32b8b6-84c9-450e-a6bc-cca7bee6653f]: BUSY {"metadata":{"emulator":{"name":"functions"},"message":"[worker-us-central1-api-3a32b8b6-84c9-450e-a6bc-cca7bee6653f]: BUSY"}}
[debug] [2021-11-04T11:53:00.789Z] [runtime-status] [2227] Functions runtime initialized. {"cwd":"/home/khothach/my-amazon/my-amazon/functions","node_version":"16.9.1"} {"metadata":{"emulator":{"name":"functions"},"function":{"name":"us-central1-api"},"message":"[runtime-status] [2227] Functions runtime initialized. {\"cwd\":\"/home/khothach/my-amazon/my-amazon/functions\",\"node_version\":\"16.9.1\"}"}}
[debug] [2021-11-04T11:53:00.790Z] [runtime-status] [2227] Disabled runtime features: undefined {"metadata":{"emulator":{"name":"functions"},"function":{"name":"us-central1-api"},"message":"[runtime-status] [2227] Disabled runtime features: undefined"}}
[debug] [2021-11-04T11:53:00.792Z] [runtime-status] [2227] Resolved module firebase-admin {"declared":true,"installed":true,"version":"9.12.0","resolution":"/home/khothach/my-amazon/my-amazon/functions/node_modules/firebase-admin/lib/index.js"} {"metadata":{"emulator":{"name":"functions"},"function":{"name":"us-central1-api"},"message":"[runtime-status] [2227] Resolved module firebase-admin {\"declared\":true,\"installed\":true,\"version\":\"9.12.0\",\"resolution\":\"/home/khothach/my-amazon/my-amazon/functions/node_modules/firebase-admin/lib/index.js\"}"}}
[debug] [2021-11-04T11:53:00.794Z] [runtime-status] [2227] Resolved module firebase-functions {"declared":true,"installed":true,"version":"3.16.0","resolution":"/home/khothach/my-amazon/my-amazon/functions/node_modules/firebase-functions/lib/index.js"} {"metadata":{"emulator":{"name":"functions"},"function":{"name":"us-central1-api"},"message":"[runtime-status] [2227] Resolved module firebase-functions {\"declared\":true,\"installed\":true,\"version\":\"3.16.0\",\"resolution\":\"/home/khothach/my-amazon/my-amazon/functions/node_modules/firebase-functions/lib/index.js\"}"}}
[debug] [2021-11-04T11:53:00.796Z] [runtime-status] [2227] Outgoing network have been stubbed. [{"name":"http","status":"mocked"},{"name":"http","status":"mocked"},{"name":"https","status":"mocked"},{"name":"https","status":"mocked"},{"name":"net","status":"mocked"}] {"metadata":{"emulator":{"name":"functions"},"function":{"name":"us-central1-api"},"message":"[runtime-status] [2227] Outgoing network have been stubbed. [{\"name\":\"http\",\"status\":\"mocked\"},{\"name\":\"http\",\"status\":\"mocked\"},{\"name\":\"https\",\"status\":\"mocked\"},{\"name\":\"https\",\"status\":\"mocked\"},{\"name\":\"net\",\"status\":\"mocked\"}]"}}
[debug] [2021-11-04T11:53:00.797Z] [runtime-status] [2227] Resolved module firebase-functions {"declared":true,"installed":true,"version":"3.16.0","resolution":"/home/khothach/my-amazon/my-amazon/functions/node_modules/firebase-functions/lib/index.js"} {"metadata":{"emulator":{"name":"functions"},"function":{"name":"us-central1-api"},"message":"[runtime-status] [2227] Resolved module firebase-functions {\"declared\":true,\"installed\":true,\"version\":\"3.16.0\",\"resolution\":\"/home/khothach/my-amazon/my-amazon/functions/node_modules/firebase-functions/lib/index.js\"}"}}
[debug] [2021-11-04T11:53:00.809Z] [runtime-status] [2233] Functions runtime initialized. {"cwd":"/home/khothach/my-amazon/my-amazon/functions","node_version":"16.9.1"} {"metadata":{"emulator":{"name":"functions"},"function":{"name":"us-central1-api"},"message":"[runtime-status] [2233] Functions runtime initialized. {\"cwd\":\"/home/khothach/my-amazon/my-amazon/functions\",\"node_version\":\"16.9.1\"}"}}
[debug] [2021-11-04T11:53:00.810Z] [runtime-status] [2233] Disabled runtime features: undefined {"metadata":{"emulator":{"name":"functions"},"function":{"name":"us-central1-api"},"message":"[runtime-status] [2233] Disabled runtime features: undefined"}}
[debug] [2021-11-04T11:53:00.812Z] [runtime-status] [2233] Resolved module firebase-admin {"declared":true,"installed":true,"version":"9.12.0","resolution":"/home/khothach/my-amazon/my-amazon/functions/node_modules/firebase-admin/lib/index.js"} {"metadata":{"emulator":{"name":"functions"},"function":{"name":"us-central1-api"},"message":"[runtime-status] [2233] Resolved module firebase-admin {\"declared\":true,\"installed\":true,\"version\":\"9.12.0\",\"resolution\":\"/home/khothach/my-amazon/my-amazon/functions/node_modules/firebase-admin/lib/index.js\"}"}}
[debug] [2021-11-04T11:53:00.815Z] [runtime-status] [2233] Resolved module firebase-functions {"declared":true,"installed":true,"version":"3.16.0","resolution":"/home/khothach/my-amazon/my-amazon/functions/node_modules/firebase-functions/lib/index.js"} {"metadata":{"emulator":{"name":"functions"},"function":{"name":"us-central1-api"},"message":"[runtime-status] [2233] Resolved module firebase-functions {\"declared\":true,\"installed\":true,\"version\":\"3.16.0\",\"resolution\":\"/home/khothach/my-amazon/my-amazon/functions/node_modules/firebase-functions/lib/index.js\"}"}}
[debug] [2021-11-04T11:53:00.818Z] [runtime-status] [2233] Outgoing network have been stubbed. [{"name":"http","status":"mocked"},{"name":"http","status":"mocked"},{"name":"https","status":"mocked"},{"name":"https","status":"mocked"},{"name":"net","status":"mocked"}] {"metadata":{"emulator":{"name":"functions"},"function":{"name":"us-central1-api"},"message":"[runtime-status] [2233] Outgoing network have been stubbed. [{\"name\":\"http\",\"status\":\"mocked\"},{\"name\":\"http\",\"status\":\"mocked\"},{\"name\":\"https\",\"status\":\"mocked\"},{\"name\":\"https\",\"status\":\"mocked\"},{\"name\":\"net\",\"status\":\"mocked\"}]"}}
[debug] [2021-11-04T11:53:00.818Z] [runtime-status] [2233] Resolved module firebase-functions {"declared":true,"installed":true,"version":"3.16.0","resolution":"/home/khothach/my-amazon/my-amazon/functions/node_modules/firebase-functions/lib/index.js"} {"metadata":{"emulator":{"name":"functions"},"function":{"name":"us-central1-api"},"message":"[runtime-status] [2233] Resolved module firebase-functions {\"declared\":true,\"installed\":true,\"version\":\"3.16.0\",\"resolution\":\"/home/khothach/my-amazon/my-amazon/functions/node_modules/firebase-functions/lib/index.js\"}"}}
[debug] [2021-11-04T11:53:00.838Z] [runtime-status] [2227] Checked functions.config() {"config":{}} {"metadata":{"emulator":{"name":"functions"},"function":{"name":"us-central1-api"},"message":"[runtime-status] [2227] Checked functions.config() {\"config\":{}}"}}
[debug] [2021-11-04T11:53:00.838Z] [runtime-status] [2227] firebase-functions has been stubbed. {"functionsResolution":{"declared":true,"installed":true,"version":"3.16.0","resolution":"/home/khothach/my-amazon/my-amazon/functions/node_modules/firebase-functions/lib/index.js"}} {"metadata":{"emulator":{"name":"functions"},"function":{"name":"us-central1-api"},"message":"[runtime-status] [2227] firebase-functions has been stubbed. {\"functionsResolution\":{\"declared\":true,\"installed\":true,\"version\":\"3.16.0\",\"resolution\":\"/home/khothach/my-amazon/my-amazon/functions/node_modules/firebase-functions/lib/index.js\"}}"}}
[debug] [2021-11-04T11:53:00.839Z] [runtime-status] [2227] Resolved module firebase-functions {"declared":true,"installed":true,"version":"3.16.0","resolution":"/home/khothach/my-amazon/my-amazon/functions/node_modules/firebase-functions/lib/index.js"} {"metadata":{"emulator":{"name":"functions"},"function":{"name":"us-central1-api"},"message":"[runtime-status] [2227] Resolved module firebase-functions {\"declared\":true,\"installed\":true,\"version\":\"3.16.0\",\"resolution\":\"/home/khothach/my-amazon/my-amazon/functions/node_modules/firebase-functions/lib/index.js\"}"}}
[debug] [2021-11-04T11:53:00.840Z] [runtime-status] [2227] Resolved module firebase-admin {"declared":true,"installed":true,"version":"9.12.0","resolution":"/home/khothach/my-amazon/my-amazon/functions/node_modules/firebase-admin/lib/index.js"} {"metadata":{"emulator":{"name":"functions"},"function":{"name":"us-central1-api"},"message":"[runtime-status] [2227] Resolved module firebase-admin {\"declared\":true,\"installed\":true,\"version\":\"9.12.0\",\"resolution\":\"/home/khothach/my-amazon/my-amazon/functions/node_modules/firebase-admin/lib/index.js\"}"}}
[debug] [2021-11-04T11:53:00.843Z] [runtime-status] [2227] Resolved module firebase-functions {"declared":true,"installed":true,"version":"3.16.0","resolution":"/home/khothach/my-amazon/my-amazon/functions/node_modules/firebase-functions/lib/index.js"} {"metadata":{"emulator":{"name":"functions"},"function":{"name":"us-central1-api"},"message":"[runtime-status] [2227] Resolved module firebase-functions {\"declared\":true,\"installed\":true,\"version\":\"3.16.0\",\"resolution\":\"/home/khothach/my-amazon/my-amazon/functions/node_modules/firebase-functions/lib/index.js\"}"}}
[debug] [2021-11-04T11:53:00.843Z] [runtime-status] [2227] firebase-admin has been stubbed. {"adminResolution":{"declared":true,"installed":true,"version":"9.12.0","resolution":"/home/khothach/my-amazon/my-amazon/functions/node_modules/firebase-admin/lib/index.js"}} {"metadata":{"emulator":{"name":"functions"},"function":{"name":"us-central1-api"},"message":"[runtime-status] [2227] firebase-admin has been stubbed. {\"adminResolution\":{\"declared\":true,\"installed\":true,\"version\":\"9.12.0\",\"resolution\":\"/home/khothach/my-amazon/my-amazon/functions/node_modules/firebase-admin/lib/index.js\"}}"}}
[debug] [2021-11-04T11:53:00.858Z] [runtime-status] [2233] Checked functions.config() {"config":{}} {"metadata":{"emulator":{"name":"functions"},"function":{"name":"us-central1-api"},"message":"[runtime-status] [2233] Checked functions.config() {\"config\":{}}"}}
[debug] [2021-11-04T11:53:00.859Z] [runtime-status] [2233] firebase-functions has been stubbed. {"functionsResolution":{"declared":true,"installed":true,"version":"3.16.0","resolution":"/home/khothach/my-amazon/my-amazon/functions/node_modules/firebase-functions/lib/index.js"}} {"metadata":{"emulator":{"name":"functions"},"function":{"name":"us-central1-api"},"message":"[runtime-status] [2233] firebase-functions has been stubbed. {\"functionsResolution\":{\"declared\":true,\"installed\":true,\"version\":\"3.16.0\",\"resolution\":\"/home/khothach/my-amazon/my-amazon/functions/node_modules/firebase-functions/lib/index.js\"}}"}}
[debug] [2021-11-04T11:53:00.860Z] [runtime-status] [2233] Resolved module firebase-functions {"declared":true,"installed":true,"version":"3.16.0","resolution":"/home/khothach/my-amazon/my-amazon/functions/node_modules/firebase-functions/lib/index.js"} {"metadata":{"emulator":{"name":"functions"},"function":{"name":"us-central1-api"},"message":"[runtime-status] [2233] Resolved module firebase-functions {\"declared\":true,\"installed\":true,\"version\":\"3.16.0\",\"resolution\":\"/home/khothach/my-amazon/my-amazon/functions/node_modules/firebase-functions/lib/index.js\"}"}}
[debug] [2021-11-04T11:53:00.860Z] [runtime-status] [2233] Resolved module firebase-admin {"declared":true,"installed":true,"version":"9.12.0","resolution":"/home/khothach/my-amazon/my-amazon/functions/node_modules/firebase-admin/lib/index.js"} {"metadata":{"emulator":{"name":"functions"},"function":{"name":"us-central1-api"},"message":"[runtime-status] [2233] Resolved module firebase-admin {\"declared\":true,\"installed\":true,\"version\":\"9.12.0\",\"resolution\":\"/home/khothach/my-amazon/my-amazon/functions/node_modules/firebase-admin/lib/index.js\"}"}}
[debug] [2021-11-04T11:53:00.861Z] [runtime-status] [2233] Resolved module firebase-functions {"declared":true,"installed":true,"version":"3.16.0","resolution":"/home/khothach/my-amazon/my-amazon/functions/node_modules/firebase-functions/lib/index.js"} {"metadata":{"emulator":{"name":"functions"},"function":{"name":"us-central1-api"},"message":"[runtime-status] [2233] Resolved module firebase-functions {\"declared\":true,\"installed\":true,\"version\":\"3.16.0\",\"resolution\":\"/home/khothach/my-amazon/my-amazon/functions/node_modules/firebase-functions/lib/index.js\"}"}}
[debug] [2021-11-04T11:53:00.861Z] [runtime-status] [2233] firebase-admin has been stubbed. {"adminResolution":{"declared":true,"installed":true,"version":"9.12.0","resolution":"/home/khothach/my-amazon/my-amazon/functions/node_modules/firebase-admin/lib/index.js"}} {"metadata":{"emulator":{"name":"functions"},"function":{"name":"us-central1-api"},"message":"[runtime-status] [2233] firebase-admin has been stubbed. {\"adminResolution\":{\"declared\":true,\"installed\":true,\"version\":\"9.12.0\",\"resolution\":\"/home/khothach/my-amazon/my-amazon/functions/node_modules/firebase-admin/lib/index.js\"}}"}}
[debug] [2021-11-04T11:53:00.970Z] [runtime-status] [2227] Trigger "us-central1-api" has been found, beginning invocation! {"metadata":{"emulator":{"name":"functions"},"function":{"name":"us-central1-api"},"message":"[runtime-status] [2227] Trigger \"us-central1-api\" has been found, beginning invocation!"}}
[info] i  functions: Beginning execution of "us-central1-api" {"metadata":{"emulator":{"name":"functions"},"function":{"name":"us-central1-api"},"message":"Beginning execution of \"us-central1-api\""}}
[debug] [2021-11-04T11:53:00.971Z] [runtime-status] [2227] triggerDefinition {"httpsTrigger":{},"name":"api","entryPoint":"api","regions":["us-central1"],"region":"us-central1","id":"us-central1-api"} {"metadata":{"emulator":{"name":"functions"},"function":{"name":"us-central1-api"},"message":"[runtime-status] [2227] triggerDefinition {\"httpsTrigger\":{},\"name\":\"api\",\"entryPoint\":\"api\",\"regions\":[\"us-central1\"],\"region\":\"us-central1\",\"id\":\"us-central1-api\"}"}}
[debug] [2021-11-04T11:53:00.971Z] [runtime-status] [2227] Running us-central1-api in signature http {"metadata":{"emulator":{"name":"functions"},"function":{"name":"us-central1-api"},"message":"[runtime-status] [2227] Running us-central1-api in signature http"}}
[debug] [2021-11-04T11:53:00.973Z] [runtime-status] [2227] Attempting to listen to socketPath: /tmp/fire_emu_2227.sock {"metadata":{"emulator":{"name":"functions"},"function":{"name":"us-central1-api"},"message":"[runtime-status] [2227] Attempting to listen to socketPath: /tmp/fire_emu_2227.sock"}}
[debug] [2021-11-04T11:53:00.976Z] [functions] Runtime ready! Sending request! {"metadata":{"emulator":{"name":"functions"},"message":"[functions] Runtime ready! Sending request!"}}
[debug] [2021-11-04T11:53:00.976Z] [functions] Got req.url=/challenge-b6352/us-central1/api/payment/create?total=290693, mapping to path=/payment/create?total=290693 {"metadata":{"emulator":{"name":"functions"},"message":"[functions] Got req.url=/challenge-b6352/us-central1/api/payment/create?total=290693, mapping to path=/payment/create?total=290693"}}
[debug] [2021-11-04T11:53:00.982Z] [runtime-status] [2227] Ephemeral server handling POST request {"metadata":{"emulator":{"name":"functions"},"function":{"name":"us-central1-api"},"message":"[runtime-status] [2227] Ephemeral server handling POST request"}}
[info] >  Payment Request Recieved amount is >>>  290693 {"user":"Payment Request Recieved amount is >>>  290693","metadata":{"emulator":{"name":"functions"},"function":{"name":"us-central1-api"},"message":"\u001b[90m> \u001b[39m Payment Request Recieved amount is >>>  290693"}}
[debug] [2021-11-04T11:53:00.989Z] [runtime-status] [2233] Trigger "us-central1-api" has been found, beginning invocation! {"metadata":{"emulator":{"name":"functions"},"function":{"name":"us-central1-api"},"message":"[runtime-status] [2233] Trigger \"us-central1-api\" has been found, beginning invocation!"}}
[info] i  functions: Beginning execution of "us-central1-api" {"metadata":{"emulator":{"name":"functions"},"function":{"name":"us-central1-api"},"message":"Beginning execution of \"us-central1-api\""}}
[debug] [2021-11-04T11:53:00.990Z] [runtime-status] [2233] triggerDefinition {"httpsTrigger":{},"name":"api","entryPoint":"api","regions":["us-central1"],"region":"us-central1","id":"us-central1-api"} {"metadata":{"emulator":{"name":"functions"},"function":{"name":"us-central1-api"},"message":"[runtime-status] [2233] triggerDefinition {\"httpsTrigger\":{},\"name\":\"api\",\"entryPoint\":\"api\",\"regions\":[\"us-central1\"],\"region\":\"us-central1\",\"id\":\"us-central1-api\"}"}}
[debug] [2021-11-04T11:53:00.990Z] [runtime-status] [2233] Running us-central1-api in signature http {"metadata":{"emulator":{"name":"functions"},"function":{"name":"us-central1-api"},"message":"[runtime-status] [2233] Running us-central1-api in signature http"}}
[debug] [2021-11-04T11:53:00.993Z] [runtime-status] [2233] Attempting to listen to socketPath: /tmp/fire_emu_2233.sock {"metadata":{"emulator":{"name":"functions"},"function":{"name":"us-central1-api"},"message":"[runtime-status] [2233] Attempting to listen to socketPath: /tmp/fire_emu_2233.sock"}}
[debug] [2021-11-04T11:53:00.995Z] [functions] Runtime ready! Sending request! {"metadata":{"emulator":{"name":"functions"},"message":"[functions] Runtime ready! Sending request!"}}
[debug] [2021-11-04T11:53:00.996Z] [functions] Got req.url=/challenge-b6352/us-central1/api/payment/create?total=290693, mapping to path=/payment/create?total=290693 {"metadata":{"emulator":{"name":"functions"},"message":"[functions] Got req.url=/challenge-b6352/us-central1/api/payment/create?total=290693, mapping to path=/payment/create?total=290693"}}
[debug] [2021-11-04T11:53:01.002Z] [runtime-status] [2233] Ephemeral server handling POST request {"metadata":{"emulator":{"name":"functions"},"function":{"name":"us-central1-api"},"message":"[runtime-status] [2233] Ephemeral server handling POST request"}}
[debug] [2021-11-04T11:53:01.002Z] [runtime-status] [2227] Ephemeral server survived. {"metadata":{"emulator":{"name":"functions"},"function":{"name":"us-central1-api"},"message":"[runtime-status] [2227] Ephemeral server survived."}}
[info] >  Payment Request Recieved amount is >>>  290693 {"user":"Payment Request Recieved amount is >>>  290693","metadata":{"emulator":{"name":"functions"},"function":{"name":"us-central1-api"},"message":"\u001b[90m> \u001b[39m Payment Request Recieved amount is >>>  290693"}}
[debug] [2021-11-04T11:53:01.025Z] [runtime-status] [2233] Ephemeral server survived. {"metadata":{"emulator":{"name":"functions"},"function":{"name":"us-central1-api"},"message":"[runtime-status] [2233] Ephemeral server survived."}}
[info] >  paymentIntent >>>>>>  { {"user":"paymentIntent >>>>>>  {","metadata":{"emulator":{"name":"functions"},"function":{"name":"us-central1-api"},"message":"\u001b[90m> \u001b[39m paymentIntent >>>>>>  {"}}
[info] >    id: 'pi_3Js4V7CeBeR4kdgi12yXknZG', {"user":"  id: 'pi_3Js4V7CeBeR4kdgi12yXknZG',","metadata":{"emulator":{"name":"functions"},"function":{"name":"us-central1-api"},"message":"\u001b[90m> \u001b[39m   id: 'pi_3Js4V7CeBeR4kdgi12yXknZG',"}}
[info] >    object: 'payment_intent', {"user":"  object: 'payment_intent',","metadata":{"emulator":{"name":"functions"},"function":{"name":"us-central1-api"},"message":"\u001b[90m> \u001b[39m   object: 'payment_intent',"}}
[info] >    amount: 290693, {"user":"  amount: 290693,","metadata":{"emulator":{"name":"functions"},"function":{"name":"us-central1-api"},"message":"\u001b[90m> \u001b[39m   amount: 290693,"}}
[info] >    amount_capturable: 0, {"user":"  amount_capturable: 0,","metadata":{"emulator":{"name":"functions"},"function":{"name":"us-central1-api"},"message":"\u001b[90m> \u001b[39m   amount_capturable: 0,"}}
[info] >    amount_received: 0, {"user":"  amount_received: 0,","metadata":{"emulator":{"name":"functions"},"function":{"name":"us-central1-api"},"message":"\u001b[90m> \u001b[39m   amount_received: 0,"}}
[info] >    application: null, {"user":"  application: null,","metadata":{"emulator":{"name":"functions"},"function":{"name":"us-central1-api"},"message":"\u001b[90m> \u001b[39m   application: null,"}}
[info] >    application_fee_amount: null, {"user":"  application_fee_amount: null,","metadata":{"emulator":{"name":"functions"},"function":{"name":"us-central1-api"},"message":"\u001b[90m> \u001b[39m   application_fee_amount: null,"}}
[info] >    canceled_at: null, {"user":"  canceled_at: null,","metadata":{"emulator":{"name":"functions"},"function":{"name":"us-central1-api"},"message":"\u001b[90m> \u001b[39m   canceled_at: null,"}}
[info] >    cancellation_reason: null, {"user":"  cancellation_reason: null,","metadata":{"emulator":{"name":"functions"},"function":{"name":"us-central1-api"},"message":"\u001b[90m> \u001b[39m   cancellation_reason: null,"}}
[info] >    capture_method: 'automatic', {"user":"  capture_method: 'automatic',","metadata":{"emulator":{"name":"functions"},"function":{"name":"us-central1-api"},"message":"\u001b[90m> \u001b[39m   capture_method: 'automatic',"}}
[info] >    charges: { {"user":"  charges: {","metadata":{"emulator":{"name":"functions"},"function":{"name":"us-central1-api"},"message":"\u001b[90m> \u001b[39m   charges: {"}}
[info] >      object: 'list', {"user":"    object: 'list',","metadata":{"emulator":{"name":"functions"},"function":{"name":"us-central1-api"},"message":"\u001b[90m> \u001b[39m     object: 'list',"}}
[info] >      data: [], {"user":"    data: [],","metadata":{"emulator":{"name":"functions"},"function":{"name":"us-central1-api"},"message":"\u001b[90m> \u001b[39m     data: [],"}}
[info] >      has_more: false, {"user":"    has_more: false,","metadata":{"emulator":{"name":"functions"},"function":{"name":"us-central1-api"},"message":"\u001b[90m> \u001b[39m     has_more: false,"}}
[info] >      total_count: 0, {"user":"    total_count: 0,","metadata":{"emulator":{"name":"functions"},"function":{"name":"us-central1-api"},"message":"\u001b[90m> \u001b[39m     total_count: 0,"}}
[info] >      url: '/v1/charges?payment_intent=pi_3Js4V7CeBeR4kdgi12yXknZG' {"user":"    url: '/v1/charges?payment_intent=pi_3Js4V7CeBeR4kdgi12yXknZG'","metadata":{"emulator":{"name":"functions"},"function":{"name":"us-central1-api"},"message":"\u001b[90m> \u001b[39m     url: '/v1/charges?payment_intent=pi_3Js4V7CeBeR4kdgi12yXknZG'"}}
[info] >    }, {"user":"  },","metadata":{"emulator":{"name":"functions"},"function":{"name":"us-central1-api"},"message":"\u001b[90m> \u001b[39m   },"}}
[info] >    client_secret: 'pi_3Js4V7CeBeR4kdgi12yXknZG_secret_zTIhaO1q9X5RUWz3eReZNjHHS', {"user":"  client_secret: 'pi_3Js4V7CeBeR4kdgi12yXknZG_secret_zTIhaO1q9X5RUWz3eReZNjHHS',","metadata":{"emulator":{"name":"functions"},"function":{"name":"us-central1-api"},"message":"\u001b[90m> \u001b[39m   client_secret: 'pi_3Js4V7CeBeR4kdgi12yXknZG_secret_zTIhaO1q9X5RUWz3eReZNjHHS',"}}
[info] >    confirmation_method: 'automatic', {"user":"  confirmation_method: 'automatic',","metadata":{"emulator":{"name":"functions"},"function":{"name":"us-central1-api"},"message":"\u001b[90m> \u001b[39m   confirmation_method: 'automatic',"}}
[info] >    created: 1636026781, {"user":"  created: 1636026781,","metadata":{"emulator":{"name":"functions"},"function":{"name":"us-central1-api"},"message":"\u001b[90m> \u001b[39m   created: 1636026781,"}}
[info] >    currency: 'nzd', {"user":"  currency: 'nzd',","metadata":{"emulator":{"name":"functions"},"function":{"name":"us-central1-api"},"message":"\u001b[90m> \u001b[39m   currency: 'nzd',"}}
[info] >    customer: null, {"user":"  customer: null,","metadata":{"emulator":{"name":"functions"},"function":{"name":"us-central1-api"},"message":"\u001b[90m> \u001b[39m   customer: null,"}}
[info] >    description: null, {"user":"  description: null,","metadata":{"emulator":{"name":"functions"},"function":{"name":"us-central1-api"},"message":"\u001b[90m> \u001b[39m   description: null,"}}
[info] >    invoice: null, {"user":"  invoice: null,","metadata":{"emulator":{"name":"functions"},"function":{"name":"us-central1-api"},"message":"\u001b[90m> \u001b[39m   invoice: null,"}}
[info] >    last_payment_error: null, {"user":"  last_payment_error: null,","metadata":{"emulator":{"name":"functions"},"function":{"name":"us-central1-api"},"message":"\u001b[90m> \u001b[39m   last_payment_error: null,"}}
[info] >    livemode: false, {"user":"  livemode: false,","metadata":{"emulator":{"name":"functions"},"function":{"name":"us-central1-api"},"message":"\u001b[90m> \u001b[39m   livemode: false,"}}
[info] >    metadata: {}, {"user":"  metadata: {},","metadata":{"emulator":{"name":"functions"},"function":{"name":"us-central1-api"},"message":"\u001b[90m> \u001b[39m   metadata: {},"}}
[info] >    next_action: null, {"user":"  next_action: null,","metadata":{"emulator":{"name":"functions"},"function":{"name":"us-central1-api"},"message":"\u001b[90m> \u001b[39m   next_action: null,"}}
[info] >    on_behalf_of: null, {"user":"  on_behalf_of: null,","metadata":{"emulator":{"name":"functions"},"function":{"name":"us-central1-api"},"message":"\u001b[90m> \u001b[39m   on_behalf_of: null,"}}
[info] >    payment_method: null, {"user":"  payment_method: null,","metadata":{"emulator":{"name":"functions"},"function":{"name":"us-central1-api"},"message":"\u001b[90m> \u001b[39m   payment_method: null,"}}
[info] >    payment_method_options: { {"user":"  payment_method_options: {","metadata":{"emulator":{"name":"functions"},"function":{"name":"us-central1-api"},"message":"\u001b[90m> \u001b[39m   payment_method_options: {"}}
[info] >      card: { {"user":"    card: {","metadata":{"emulator":{"name":"functions"},"function":{"name":"us-central1-api"},"message":"\u001b[90m> \u001b[39m     card: {"}}
[info] >        installments: null, {"user":"      installments: null,","metadata":{"emulator":{"name":"functions"},"function":{"name":"us-central1-api"},"message":"\u001b[90m> \u001b[39m       installments: null,"}}
[info] >        network: null, {"user":"      network: null,","metadata":{"emulator":{"name":"functions"},"function":{"name":"us-central1-api"},"message":"\u001b[90m> \u001b[39m       network: null,"}}
[info] >        request_three_d_secure: 'automatic' {"user":"      request_three_d_secure: 'automatic'","metadata":{"emulator":{"name":"functions"},"function":{"name":"us-central1-api"},"message":"\u001b[90m> \u001b[39m       request_three_d_secure: 'automatic'"}}
[info] >      } {"user":"    }","metadata":{"emulator":{"name":"functions"},"function":{"name":"us-central1-api"},"message":"\u001b[90m> \u001b[39m     }"}}
[info] >    }, {"user":"  },","metadata":{"emulator":{"name":"functions"},"function":{"name":"us-central1-api"},"message":"\u001b[90m> \u001b[39m   },"}}
[info] >    payment_method_types: [ 'card' ], {"user":"  payment_method_types: [ 'card' ],","metadata":{"emulator":{"name":"functions"},"function":{"name":"us-central1-api"},"message":"\u001b[90m> \u001b[39m   payment_method_types: [ 'card' ],"}}
[info] >    receipt_email: null, {"user":"  receipt_email: null,","metadata":{"emulator":{"name":"functions"},"function":{"name":"us-central1-api"},"message":"\u001b[90m> \u001b[39m   receipt_email: null,"}}
[info] >    review: null, {"user":"  review: null,","metadata":{"emulator":{"name":"functions"},"function":{"name":"us-central1-api"},"message":"\u001b[90m> \u001b[39m   review: null,"}}
[info] >    setup_future_usage: null, {"user":"  setup_future_usage: null,","metadata":{"emulator":{"name":"functions"},"function":{"name":"us-central1-api"},"message":"\u001b[90m> \u001b[39m   setup_future_usage: null,"}}
[info] >    shipping: null, {"user":"  shipping: null,","metadata":{"emulator":{"name":"functions"},"function":{"name":"us-central1-api"},"message":"\u001b[90m> \u001b[39m   shipping: null,"}}
[info] >    source: null, {"user":"  source: null,","metadata":{"emulator":{"name":"functions"},"function":{"name":"us-central1-api"},"message":"\u001b[90m> \u001b[39m   source: null,"}}
[info] >    statement_descriptor: null, {"user":"  statement_descriptor: null,","metadata":{"emulator":{"name":"functions"},"function":{"name":"us-central1-api"},"message":"\u001b[90m> \u001b[39m   statement_descriptor: null,"}}
[info] >    statement_descriptor_suffix: null, {"user":"  statement_descriptor_suffix: null,","metadata":{"emulator":{"name":"functions"},"function":{"name":"us-central1-api"},"message":"\u001b[90m> \u001b[39m   statement_descriptor_suffix: null,"}}
[info] >    status: 'requires_payment_method', {"user":"  status: 'requires_payment_method',","metadata":{"emulator":{"name":"functions"},"function":{"name":"us-central1-api"},"message":"\u001b[90m> \u001b[39m   status: 'requires_payment_method',"}}
[info] >    transfer_data: null, {"user":"  transfer_data: null,","metadata":{"emulator":{"name":"functions"},"function":{"name":"us-central1-api"},"message":"\u001b[90m> \u001b[39m   transfer_data: null,"}}
[info] >    transfer_group: null {"user":"  transfer_group: null","metadata":{"emulator":{"name":"functions"},"function":{"name":"us-central1-api"},"message":"\u001b[90m> \u001b[39m   transfer_group: null"}}
[info] >  } {"user":"}","metadata":{"emulator":{"name":"functions"},"function":{"name":"us-central1-api"},"message":"\u001b[90m> \u001b[39m }"}}
[info] >  paymentIntent >>>>>>  { {"user":"paymentIntent >>>>>>  {","metadata":{"emulator":{"name":"functions"},"function":{"name":"us-central1-api"},"message":"\u001b[90m> \u001b[39m paymentIntent >>>>>>  {"}}
[info] >    id: 'pi_3Js4V7CeBeR4kdgi1OeqXmrK', {"user":"  id: 'pi_3Js4V7CeBeR4kdgi1OeqXmrK',","metadata":{"emulator":{"name":"functions"},"function":{"name":"us-central1-api"},"message":"\u001b[90m> \u001b[39m   id: 'pi_3Js4V7CeBeR4kdgi1OeqXmrK',"}}
[info] >    object: 'payment_intent', {"user":"  object: 'payment_intent',","metadata":{"emulator":{"name":"functions"},"function":{"name":"us-central1-api"},"message":"\u001b[90m> \u001b[39m   object: 'payment_intent',"}}
[info] >    amount: 290693, {"user":"  amount: 290693,","metadata":{"emulator":{"name":"functions"},"function":{"name":"us-central1-api"},"message":"\u001b[90m> \u001b[39m   amount: 290693,"}}
[info] >    amount_capturable: 0, {"user":"  amount_capturable: 0,","metadata":{"emulator":{"name":"functions"},"function":{"name":"us-central1-api"},"message":"\u001b[90m> \u001b[39m   amount_capturable: 0,"}}
[info] >    amount_received: 0, {"user":"  amount_received: 0,","metadata":{"emulator":{"name":"functions"},"function":{"name":"us-central1-api"},"message":"\u001b[90m> \u001b[39m   amount_received: 0,"}}
[info] >    application: null, {"user":"  application: null,","metadata":{"emulator":{"name":"functions"},"function":{"name":"us-central1-api"},"message":"\u001b[90m> \u001b[39m   application: null,"}}
[info] >    application_fee_amount: null, {"user":"  application_fee_amount: null,","metadata":{"emulator":{"name":"functions"},"function":{"name":"us-central1-api"},"message":"\u001b[90m> \u001b[39m   application_fee_amount: null,"}}
[info] >    canceled_at: null, {"user":"  canceled_at: null,","metadata":{"emulator":{"name":"functions"},"function":{"name":"us-central1-api"},"message":"\u001b[90m> \u001b[39m   canceled_at: null,"}}
[info] >    cancellation_reason: null, {"user":"  cancellation_reason: null,","metadata":{"emulator":{"name":"functions"},"function":{"name":"us-central1-api"},"message":"\u001b[90m> \u001b[39m   cancellation_reason: null,"}}
[info] >    capture_method: 'automatic', {"user":"  capture_method: 'automatic',","metadata":{"emulator":{"name":"functions"},"function":{"name":"us-central1-api"},"message":"\u001b[90m> \u001b[39m   capture_method: 'automatic',"}}
[info] >    charges: { {"user":"  charges: {","metadata":{"emulator":{"name":"functions"},"function":{"name":"us-central1-api"},"message":"\u001b[90m> \u001b[39m   charges: {"}}
[info] >      object: 'list', {"user":"    object: 'list',","metadata":{"emulator":{"name":"functions"},"function":{"name":"us-central1-api"},"message":"\u001b[90m> \u001b[39m     object: 'list',"}}
[info] >      data: [], {"user":"    data: [],","metadata":{"emulator":{"name":"functions"},"function":{"name":"us-central1-api"},"message":"\u001b[90m> \u001b[39m     data: [],"}}
[info] >      has_more: false, {"user":"    has_more: false,","metadata":{"emulator":{"name":"functions"},"function":{"name":"us-central1-api"},"message":"\u001b[90m> \u001b[39m     has_more: false,"}}
[info] >      total_count: 0, {"user":"    total_count: 0,","metadata":{"emulator":{"name":"functions"},"function":{"name":"us-central1-api"},"message":"\u001b[90m> \u001b[39m     total_count: 0,"}}
[info] >      url: '/v1/charges?payment_intent=pi_3Js4V7CeBeR4kdgi1OeqXmrK' {"user":"    url: '/v1/charges?payment_intent=pi_3Js4V7CeBeR4kdgi1OeqXmrK'","metadata":{"emulator":{"name":"functions"},"function":{"name":"us-central1-api"},"message":"\u001b[90m> \u001b[39m     url: '/v1/charges?payment_intent=pi_3Js4V7CeBeR4kdgi1OeqXmrK'"}}
[info] >    }, {"user":"  },","metadata":{"emulator":{"name":"functions"},"function":{"name":"us-central1-api"},"message":"\u001b[90m> \u001b[39m   },"}}
[info] >    client_secret: 'pi_3Js4V7CeBeR4kdgi1OeqXmrK_secret_z0H75uhmETwUU7MneuxZLO7o6', {"user":"  client_secret: 'pi_3Js4V7CeBeR4kdgi1OeqXmrK_secret_z0H75uhmETwUU7MneuxZLO7o6',","metadata":{"emulator":{"name":"functions"},"function":{"name":"us-central1-api"},"message":"\u001b[90m> \u001b[39m   client_secret: 'pi_3Js4V7CeBeR4kdgi1OeqXmrK_secret_z0H75uhmETwUU7MneuxZLO7o6',"}}
[info] >    confirmation_method: 'automatic', {"user":"  confirmation_method: 'automatic',","metadata":{"emulator":{"name":"functions"},"function":{"name":"us-central1-api"},"message":"\u001b[90m> \u001b[39m   confirmation_method: 'automatic',"}}
[info] >    created: 1636026781, {"user":"  created: 1636026781,","metadata":{"emulator":{"name":"functions"},"function":{"name":"us-central1-api"},"message":"\u001b[90m> \u001b[39m   created: 1636026781,"}}
[info] >    currency: 'nzd', {"user":"  currency: 'nzd',","metadata":{"emulator":{"name":"functions"},"function":{"name":"us-central1-api"},"message":"\u001b[90m> \u001b[39m   currency: 'nzd',"}}
[info] >    customer: null, {"user":"  customer: null,","metadata":{"emulator":{"name":"functions"},"function":{"name":"us-central1-api"},"message":"\u001b[90m> \u001b[39m   customer: null,"}}
[info] >    description: null, {"user":"  description: null,","metadata":{"emulator":{"name":"functions"},"function":{"name":"us-central1-api"},"message":"\u001b[90m> \u001b[39m   description: null,"}}
[info] >    invoice: null, {"user":"  invoice: null,","metadata":{"emulator":{"name":"functions"},"function":{"name":"us-central1-api"},"message":"\u001b[90m> \u001b[39m   invoice: null,"}}
[info] >    last_payment_error: null, {"user":"  last_payment_error: null,","metadata":{"emulator":{"name":"functions"},"function":{"name":"us-central1-api"},"message":"\u001b[90m> \u001b[39m   last_payment_error: null,"}}
[info] >    livemode: false, {"user":"  livemode: false,","metadata":{"emulator":{"name":"functions"},"function":{"name":"us-central1-api"},"message":"\u001b[90m> \u001b[39m   livemode: false,"}}
[info] >    metadata: {}, {"user":"  metadata: {},","metadata":{"emulator":{"name":"functions"},"function":{"name":"us-central1-api"},"message":"\u001b[90m> \u001b[39m   metadata: {},"}}
[info] >    next_action: null, {"user":"  next_action: null,","metadata":{"emulator":{"name":"functions"},"function":{"name":"us-central1-api"},"message":"\u001b[90m> \u001b[39m   next_action: null,"}}
[info] >    on_behalf_of: null, {"user":"  on_behalf_of: null,","metadata":{"emulator":{"name":"functions"},"function":{"name":"us-central1-api"},"message":"\u001b[90m> \u001b[39m   on_behalf_of: null,"}}
[info] >    payment_method: null, {"user":"  payment_method: null,","metadata":{"emulator":{"name":"functions"},"function":{"name":"us-central1-api"},"message":"\u001b[90m> \u001b[39m   payment_method: null,"}}
[info] >    payment_method_options: { {"user":"  payment_method_options: {","metadata":{"emulator":{"name":"functions"},"function":{"name":"us-central1-api"},"message":"\u001b[90m> \u001b[39m   payment_method_options: {"}}
[info] >      card: { {"user":"    card: {","metadata":{"emulator":{"name":"functions"},"function":{"name":"us-central1-api"},"message":"\u001b[90m> \u001b[39m     card: {"}}
[info] >        installments: null, {"user":"      installments: null,","metadata":{"emulator":{"name":"functions"},"function":{"name":"us-central1-api"},"message":"\u001b[90m> \u001b[39m       installments: null,"}}
[info] >        network: null, {"user":"      network: null,","metadata":{"emulator":{"name":"functions"},"function":{"name":"us-central1-api"},"message":"\u001b[90m> \u001b[39m       network: null,"}}
[info] >        request_three_d_secure: 'automatic' {"user":"      request_three_d_secure: 'automatic'","metadata":{"emulator":{"name":"functions"},"function":{"name":"us-central1-api"},"message":"\u001b[90m> \u001b[39m       request_three_d_secure: 'automatic'"}}
[info] >      } {"user":"    }","metadata":{"emulator":{"name":"functions"},"function":{"name":"us-central1-api"},"message":"\u001b[90m> \u001b[39m     }"}}
[info] >    }, {"user":"  },","metadata":{"emulator":{"name":"functions"},"function":{"name":"us-central1-api"},"message":"\u001b[90m> \u001b[39m   },"}}
[info] >    payment_method_types: [ 'card' ], {"user":"  payment_method_types: [ 'card' ],","metadata":{"emulator":{"name":"functions"},"function":{"name":"us-central1-api"},"message":"\u001b[90m> \u001b[39m   payment_method_types: [ 'card' ],"}}
[info] >    receipt_email: null, {"user":"  receipt_email: null,","metadata":{"emulator":{"name":"functions"},"function":{"name":"us-central1-api"},"message":"\u001b[90m> \u001b[39m   receipt_email: null,"}}
[info] >    review: null, {"user":"  review: null,","metadata":{"emulator":{"name":"functions"},"function":{"name":"us-central1-api"},"message":"\u001b[90m> \u001b[39m   review: null,"}}
[info] >    setup_future_usage: null, {"user":"  setup_future_usage: null,","metadata":{"emulator":{"name":"functions"},"function":{"name":"us-central1-api"},"message":"\u001b[90m> \u001b[39m   setup_future_usage: null,"}}
[info] >    shipping: null, {"user":"  shipping: null,","metadata":{"emulator":{"name":"functions"},"function":{"name":"us-central1-api"},"message":"\u001b[90m> \u001b[39m   shipping: null,"}}
[info] >    source: null, {"user":"  source: null,","metadata":{"emulator":{"name":"functions"},"function":{"name":"us-central1-api"},"message":"\u001b[90m> \u001b[39m   source: null,"}}
[info] >    statement_descriptor: null, {"user":"  statement_descriptor: null,","metadata":{"emulator":{"name":"functions"},"function":{"name":"us-central1-api"},"message":"\u001b[90m> \u001b[39m   statement_descriptor: null,"}}
[info] >    statement_descriptor_suffix: null, {"user":"  statement_descriptor_suffix: null,","metadata":{"emulator":{"name":"functions"},"function":{"name":"us-central1-api"},"message":"\u001b[90m> \u001b[39m   statement_descriptor_suffix: null,"}}
[info] >    status: 'requires_payment_method', {"user":"  status: 'requires_payment_method',","metadata":{"emulator":{"name":"functions"},"function":{"name":"us-central1-api"},"message":"\u001b[90m> \u001b[39m   status: 'requires_payment_method',"}}
[info] >    transfer_data: null, {"user":"  transfer_data: null,","metadata":{"emulator":{"name":"functions"},"function":{"name":"us-central1-api"},"message":"\u001b[90m> \u001b[39m   transfer_data: null,"}}
[info] >    transfer_group: null {"user":"  transfer_group: null","metadata":{"emulator":{"name":"functions"},"function":{"name":"us-central1-api"},"message":"\u001b[90m> \u001b[39m   transfer_group: null"}}
[info] >  } {"user":"}","metadata":{"emulator":{"name":"functions"},"function":{"name":"us-central1-api"},"message":"\u001b[90m> \u001b[39m }"}}
[info] i  functions: Finished "us-central1-api" in ~1s {"metadata":{"emulator":{"name":"functions"},"function":{"name":"us-central1-api"},"message":"Finished \"us-central1-api\" in ~1s"}}
[debug] [2021-11-04T11:53:01.548Z] [worker-us-central1-api-8757b8d1-76e9-4134-ae93-0da139989a85]: IDLE {"metadata":{"emulator":{"name":"functions"},"message":"[worker-us-central1-api-8757b8d1-76e9-4134-ae93-0da139989a85]: IDLE"}}
[debug] [2021-11-04T11:53:01.549Z] [work-queue] {"queueLength":0,"workRunningCount":1}
[info] i  functions: Finished "us-central1-api" in ~1s {"metadata":{"emulator":{"name":"functions"},"function":{"name":"us-central1-api"},"message":"Finished \"us-central1-api\" in ~1s"}}
[debug] [2021-11-04T11:53:01.550Z] [worker-us-central1-api-3a32b8b6-84c9-450e-a6bc-cca7bee6653f]: IDLE {"metadata":{"emulator":{"name":"functions"},"message":"[worker-us-central1-api-3a32b8b6-84c9-450e-a6bc-cca7bee6653f]: IDLE"}}
[debug] [2021-11-04T11:53:01.551Z] [work-queue] {"queueLength":0,"workRunningCount":0}
